[ 2018-07-03T01:39:34+08:00 ] ::1 /ader_oa/home/index/index.html
INFO: [ app_init ] --START--
INFO: Run Behavior\BuildLiteBehavior [ RunTime:0.000000s ]
INFO: [ app_init ] --END-- [ RunTime:0.003000s ]
INFO: [ app_begin ] --START--
INFO: Run Behavior\ReadHtmlCacheBehavior [ RunTime:0.002000s ]
INFO: [ app_begin ] --END-- [ RunTime:0.002000s ]
SQL: SHOW COLUMNS FROM `oa_admin` [ RunTime:0.0070s ]
SQL: SELECT * FROM `oa_admin` WHERE ( uid = '4' ) LIMIT 1   [ RunTime:0.0010s ]
SQL: SHOW COLUMNS FROM `oa_user_integral_list` [ RunTime:0.0030s ]
SQL: SELECT SUM(oa_scoreNumber) AS tp_sum FROM `oa_user_integral_list` WHERE ( oa_userid = '4' AND oa_add_lost = 0 ) LIMIT 1   [ RunTime:0.0010s ]
SQL: SELECT SUM(oa_scoreNumber) AS tp_sum FROM `oa_user_integral_list` WHERE ( oa_userid = '4' AND oa_add_lost = 1 ) LIMIT 1   [ RunTime:0.0000s ]
SQL: SELECT `oa_score` FROM `oa_admin`  [ RunTime:0.0010s ]
SQL: SELECT `oa_score` FROM `oa_admin` WHERE ( uid = '4' ) LIMIT 1   [ RunTime:0.0000s ]
SQL: SELECT * FROM `oa_user_integral_list` WHERE ( oa_userid = '4' ) ORDER BY add_time desc LIMIT 5   [ RunTime:0.0000s ]
INFO: [ view_parse ] --START--
INFO: [ template_filter ] --START--
INFO: Run Behavior\ContentReplaceBehavior [ RunTime:0.001000s ]
INFO: [ template_filter ] --END-- [ RunTime:0.001000s ]
NOTIC: [8] Undefined index: oa_user_admin C:\wamp64\www\ader_oa\Web\Runtime\Cache\Home\a5d07c113795da31d2426caff16ba5bc.php 第 64 行.
NOTIC: [8] Undefined index: oa_user_admin C:\wamp64\www\ader_oa\Web\Runtime\Cache\Home\a5d07c113795da31d2426caff16ba5bc.php 第 65 行.
NOTIC: [8] Undefined variable: data C:\wamp64\www\ader_oa\Web\Runtime\Cache\Home\a5d07c113795da31d2426caff16ba5bc.php 第 174 行.
NOTIC: [8] Undefined variable: data C:\wamp64\www\ader_oa\Web\Runtime\Cache\Home\a5d07c113795da31d2426caff16ba5bc.php 第 175 行.
INFO: Run Behavior\ParseTemplateBehavior [ RunTime:0.019000s ]
INFO: [ view_parse ] --END-- [ RunTime:0.019000s ]
INFO: [ view_filter ] --START--
INFO: Run Behavior\WriteHtmlCacheBehavior [ RunTime:0.001000s ]
INFO: [ view_filter ] --END-- [ RunTime:0.001000s ]
INFO: [ app_end ] --START--
INFO: Run Behavior\ShowPageTraceBehavior [ RunTime:0.002000s ]
INFO: [ app_end ] --END-- [ RunTime:0.002000s ]

[ 2018-07-03T21:01:18+08:00 ] ::1 /ader_oa/home/index/index.html
INFO: [ app_init ] --START--
INFO: Run Behavior\BuildLiteBehavior [ RunTime:0.000000s ]
INFO: [ app_init ] --END-- [ RunTime:0.001000s ]
INFO: [ app_begin ] --START--
INFO: Run Behavior\ReadHtmlCacheBehavior [ RunTime:0.001000s ]
INFO: [ app_begin ] --END-- [ RunTime:0.001000s ]

[ 2018-07-03T21:01:18+08:00 ] ::1 /ader_oa/home/login/login.html
INFO: [ app_init ] --START--
INFO: Run Behavior\BuildLiteBehavior [ RunTime:0.000000s ]
INFO: [ app_init ] --END-- [ RunTime:0.001000s ]
INFO: [ app_begin ] --START--
INFO: Run Behavior\ReadHtmlCacheBehavior [ RunTime:0.001000s ]
INFO: [ app_begin ] --END-- [ RunTime:0.001000s ]
INFO: [ view_parse ] --START--
INFO: [ template_filter ] --START--
INFO: Run Behavior\ContentReplaceBehavior [ RunTime:0.000000s ]
INFO: [ template_filter ] --END-- [ RunTime:0.001000s ]
INFO: Run Behavior\ParseTemplateBehavior [ RunTime:0.012000s ]
INFO: [ view_parse ] --END-- [ RunTime:0.012000s ]
INFO: [ view_filter ] --START--
INFO: Run Behavior\WriteHtmlCacheBehavior [ RunTime:0.001000s ]
INFO: [ view_filter ] --END-- [ RunTime:0.001000s ]
INFO: [ app_end ] --START--
INFO: Run Behavior\ShowPageTraceBehavior [ RunTime:0.002000s ]
INFO: [ app_end ] --END-- [ RunTime:0.002000s ]

[ 2018-07-03T21:49:45+08:00 ] ::1 /ader_oa/home/login/login.html
INFO: [ app_init ] --START--
INFO: Run Behavior\BuildLiteBehavior [ RunTime:0.000000s ]
INFO: [ app_init ] --END-- [ RunTime:0.001000s ]
INFO: [ app_begin ] --START--
INFO: Run Behavior\ReadHtmlCacheBehavior [ RunTime:0.004000s ]
INFO: [ app_begin ] --END-- [ RunTime:0.004000s ]
INFO: [ view_parse ] --START--
INFO: [ template_filter ] --START--
INFO: Run Behavior\ContentReplaceBehavior [ RunTime:0.000000s ]
INFO: [ template_filter ] --END-- [ RunTime:0.000000s ]
INFO: Run Behavior\ParseTemplateBehavior [ RunTime:0.029000s ]
INFO: [ view_parse ] --END-- [ RunTime:0.029000s ]
INFO: [ view_filter ] --START--
INFO: Run Behavior\WriteHtmlCacheBehavior [ RunTime:0.003000s ]
INFO: [ view_filter ] --END-- [ RunTime:0.003000s ]
INFO: [ app_end ] --START--
INFO: Run Behavior\ShowPageTraceBehavior [ RunTime:0.003000s ]
INFO: [ app_end ] --END-- [ RunTime:0.003000s ]

[ 2018-07-03T21:49:48+08:00 ] ::1 /ader_oa/home/Login/login
INFO: [ app_init ] --START--
INFO: Run Behavior\BuildLiteBehavior [ RunTime:0.000000s ]
INFO: [ app_init ] --END-- [ RunTime:0.002000s ]
INFO: [ app_begin ] --START--
INFO: Run Behavior\ReadHtmlCacheBehavior [ RunTime:0.002000s ]
INFO: [ app_begin ] --END-- [ RunTime:0.002000s ]
SQL: SHOW COLUMNS FROM `oa_admin` [ RunTime:0.0020s ]
SQL: SELECT * FROM `oa_admin` WHERE ( oa_user = 'Ader_Dengbin'  ) LIMIT 1   [ RunTime:0.0010s ]

[ 2018-07-03T21:49:48+08:00 ] ::1 /ader_oa/home/index/index.html
INFO: [ app_init ] --START--
INFO: Run Behavior\BuildLiteBehavior [ RunTime:0.000000s ]
INFO: [ app_init ] --END-- [ RunTime:0.001000s ]
INFO: [ app_begin ] --START--
INFO: Run Behavior\ReadHtmlCacheBehavior [ RunTime:0.001000s ]
INFO: [ app_begin ] --END-- [ RunTime:0.002000s ]
SQL: SHOW COLUMNS FROM `oa_admin` [ RunTime:0.0020s ]
SQL: SELECT * FROM `oa_admin` WHERE ( uid = '4' ) LIMIT 1   [ RunTime:0.0010s ]
SQL: SHOW COLUMNS FROM `oa_user_integral_list` [ RunTime:0.0050s ]
SQL: SELECT SUM(oa_scoreNumber) AS tp_sum FROM `oa_user_integral_list` WHERE ( oa_userid = '4' AND oa_add_lost = 0 ) LIMIT 1   [ RunTime:0.0010s ]
SQL: SELECT SUM(oa_scoreNumber) AS tp_sum FROM `oa_user_integral_list` WHERE ( oa_userid = '4' AND oa_add_lost = 1 ) LIMIT 1   [ RunTime:0.0000s ]
SQL: SELECT `oa_score` FROM `oa_admin`  [ RunTime:0.0000s ]
SQL: SELECT `oa_score` FROM `oa_admin` WHERE ( uid = '4' ) LIMIT 1   [ RunTime:0.0000s ]
SQL: SELECT * FROM `oa_user_integral_list` WHERE ( oa_userid = '4' ) ORDER BY add_time desc LIMIT 5   [ RunTime:0.0010s ]
INFO: [ view_parse ] --START--
INFO: [ template_filter ] --START--
INFO: Run Behavior\ContentReplaceBehavior [ RunTime:0.001000s ]
INFO: [ template_filter ] --END-- [ RunTime:0.001000s ]
NOTIC: [8] Undefined variable: data C:\wamp64\www\ader_oa\Web\Runtime\Cache\Home\a5d07c113795da31d2426caff16ba5bc.php 第 174 行.
NOTIC: [8] Undefined variable: data C:\wamp64\www\ader_oa\Web\Runtime\Cache\Home\a5d07c113795da31d2426caff16ba5bc.php 第 175 行.
INFO: Run Behavior\ParseTemplateBehavior [ RunTime:0.025000s ]
INFO: [ view_parse ] --END-- [ RunTime:0.026000s ]
INFO: [ view_filter ] --START--
INFO: Run Behavior\WriteHtmlCacheBehavior [ RunTime:0.002000s ]
INFO: [ view_filter ] --END-- [ RunTime:0.002000s ]
INFO: [ app_end ] --START--
INFO: Run Behavior\ShowPageTraceBehavior [ RunTime:0.003000s ]
INFO: [ app_end ] --END-- [ RunTime:0.003000s ]

